<?xml version="1.0" encoding="UTF-8"?>
<testng-results ignored="0" total="1" passed="1" failed="0" skipped="0">
  <reporter-output>
  </reporter-output>
  <suite started-at="2024-01-27T11:50:17 GMT-05:00" name="Default suite" finished-at="2024-01-27T11:50:19 GMT-05:00" duration-ms="1154">
    <groups>
    </groups>
    <test started-at="2024-01-27T11:50:17 GMT-05:00" name="Default test" finished-at="2024-01-27T11:50:19 GMT-05:00" duration-ms="1154">
      <class name="com.rest.serialization.StudentRecordsSerialize">
        <test-method signature="jsonCreate()[pri:0, instance:com.rest.serialization.StudentRecordsSerialize@1ba9117e]" started-at="2024-01-27T11:50:17 GMT-05:00" name="jsonCreate" finished-at="2024-01-27T11:50:19 GMT-05:00" duration-ms="1103" status="PASS">
          <reporter-output>
          </reporter-output>
        </test-method> <!-- jsonCreate -->
      </class> <!-- com.rest.serialization.StudentRecordsSerialize -->
    </test> <!-- Default test -->
  </suite> <!-- Default suite -->
</testng-results>
