<?xml version="1.0" encoding="UTF-8"?>
<testng-results ignored="0" total="1" passed="1" failed="0" skipped="0">
  <reporter-output>
  </reporter-output>
  <suite started-at="2024-01-28T12:13:35 GMT-05:00" name="Default suite" finished-at="2024-01-28T12:13:37 GMT-05:00" duration-ms="1397">
    <groups>
    </groups>
    <test started-at="2024-01-28T12:13:35 GMT-05:00" name="Default test" finished-at="2024-01-28T12:13:37 GMT-05:00" duration-ms="1397">
      <class name="comrest.deserialize.ReadJson">
        <test-method signature="extractJsonPath()[pri:0, instance:comrest.deserialize.ReadJson@120f102b]" started-at="2024-01-28T12:13:35 GMT-05:00" name="extractJsonPath" finished-at="2024-01-28T12:13:37 GMT-05:00" duration-ms="1355" status="PASS">
          <reporter-output>
          </reporter-output>
        </test-method> <!-- extractJsonPath -->
      </class> <!-- comrest.deserialize.ReadJson -->
    </test> <!-- Default test -->
  </suite> <!-- Default suite -->
</testng-results>
